<?xml version="1.0" encoding="UTF-8"?>
<testsuite name="StringCaseChangerTest" tests="1" skipped="0" failures="0" errors="0" timestamp="2021-12-03T15:55:27" hostname="DESKTOP-67BVQ93" time="0.067">
  <properties/>
  <testcase name="stringCaseChanger()" classname="StringCaseChangerTest" time="0.067"/>
  <system-out><![CDATA[]]></system-out>
  <system-err><![CDATA[]]></system-err>
</testsuite>
