<?xml version="1.0" encoding="UTF-8"?>
<testsuite name="StringTransformerGroupTest" tests="2" skipped="0" failures="0" errors="0" timestamp="2021-12-05T21:53:33" hostname="DESKTOP-67BVQ93" time="0.006">
  <properties/>
  <testcase name="transformerGroup()" classname="StringTransformerGroupTest" time="0.004"/>
  <testcase name="transformerComposite()" classname="StringTransformerGroupTest" time="0.001"/>
  <system-out><![CDATA[]]></system-out>
  <system-err><![CDATA[]]></system-err>
</testsuite>
