<?xml version="1.0" encoding="UTF-8"?>
<testsuite name="HumanClientTest" tests="2" skipped="0" failures="0" errors="0" timestamp="2021-12-05T21:53:32" hostname="DESKTOP-67BVQ93" time="0.646">
  <properties/>
  <testcase name="removeObserver()" classname="HumanClientTest" time="0.635"/>
  <testcase name="addObserver()" classname="HumanClientTest" time="0.01"/>
  <system-out><![CDATA[]]></system-out>
  <system-err><![CDATA[]]></system-err>
</testsuite>
