<?xml version="1.0" encoding="UTF-8"?>
<testsuite name="StringBarTest" tests="5" skipped="0" failures="0" errors="0" timestamp="2021-12-05T21:33:48" hostname="DESKTOP-67BVQ93" time="0.04">
  <properties/>
  <testcase name="happyHour()" classname="StringBarTest" time="0.024"/>
  <testcase name="impatientStrategy()" classname="StringBarTest" time="0.008"/>
  <testcase name="smartStrategyStartClosed()" classname="StringBarTest" time="0.002"/>
  <testcase name="smartStrategyStartOpened()" classname="StringBarTest" time="0.002"/>
  <testcase name="orderStringRecipe()" classname="StringBarTest" time="0.001"/>
  <system-out><![CDATA[]]></system-out>
  <system-err><![CDATA[]]></system-err>
</testsuite>
