<?xml version="1.0" encoding="UTF-8"?>
<testsuite name="StringInverterTest" tests="1" skipped="0" failures="0" errors="0" timestamp="2021-12-03T15:55:28" hostname="DESKTOP-67BVQ93" time="0.006">
  <properties/>
  <testcase name="stringInverter()" classname="StringInverterTest" time="0.006"/>
  <system-out><![CDATA[]]></system-out>
  <system-err><![CDATA[]]></system-err>
</testsuite>
