<?xml version="1.0" encoding="UTF-8"?>
<testsuite name="StringBarTest" tests="8" skipped="0" failures="0" errors="0" timestamp="2021-12-05T21:53:32" hostname="DESKTOP-67BVQ93" time="0.054">
  <properties/>
  <testcase name="happyHour()" classname="StringBarTest" time="0.01"/>
  <testcase name="impatientStrategy()" classname="StringBarTest" time="0.014"/>
  <testcase name="smartStrategyStartClosed()" classname="StringBarTest" time="0.002"/>
  <testcase name="smartStrategyStartOpened()" classname="StringBarTest" time="0.0"/>
  <testcase name="orderStringRecipe()" classname="StringBarTest" time="0.004"/>
  <testcase name="ferengiStartClosed()" classname="StringBarTest" time="0.008"/>
  <testcase name="ferengiAlreadyOpened()" classname="StringBarTest" time="0.002"/>
  <testcase name="romulan()" classname="StringBarTest" time="0.003"/>
  <system-out><![CDATA[]]></system-out>
  <system-err><![CDATA[]]></system-err>
</testsuite>
